\BOOKMARK [0][-]{chapter.1}{1 Strukturen}{}% 1
\BOOKMARK [1][-]{section.1.1}{1.1 Spielfeld}{chapter.1}% 2
\BOOKMARK [1][-]{section.1.2}{1.2 World \(Spielzustand\)}{chapter.1}% 3
\BOOKMARK [0][-]{chapter.2}{2 Module der Software}{}% 4
\BOOKMARK [1][-]{section.2.1}{2.1 Bildverarbeitung \(go\137bv.rkt\)}{chapter.2}% 5
\BOOKMARK [1][-]{section.2.2}{2.2 Spielbrett zeichnen \(go\137draw\137board.rkt\)}{chapter.2}% 6
\BOOKMARK [1][-]{section.2.3}{2.3 Spielclient \(go\137client.rkt\)}{chapter.2}% 7
\BOOKMARK [1][-]{section.2.4}{2.4 Spielserver \(go\137server.rkt\)}{chapter.2}% 8
\BOOKMARK [1][-]{section.2.5}{2.5 Spiellogik \(go\137logic.rkt\)}{chapter.2}% 9
\BOOKMARK [0][-]{chapter.3}{3 Schnittstellen}{}% 10
\BOOKMARK [1][-]{section.3.1}{3.1 Bildverarbeitung}{chapter.3}% 11
\BOOKMARK [1][-]{section.3.2}{3.2 Spielbrett zeichnen}{chapter.3}% 12
\BOOKMARK [1][-]{section.3.3}{3.3 Spielclient}{chapter.3}% 13
\BOOKMARK [1][-]{section.3.4}{3.4 Spielserver}{chapter.3}% 14
\BOOKMARK [1][-]{section.3.5}{3.5 Spiellogik}{chapter.3}% 15
\BOOKMARK [0][-]{chapter.4}{4 Paketstruktur}{}% 16
\BOOKMARK [0][-]{chapter.5}{5 Programmabl\344ufe}{}% 17
\BOOKMARK [1][-]{section.5.1}{5.1 Programmablauf}{chapter.5}% 18
\BOOKMARK [1][-]{section.5.2}{5.2 Stein setzen}{chapter.5}% 19
\BOOKMARK [1][-]{section.5.3}{5.3 Auswertung}{chapter.5}% 20
\BOOKMARK [1][-]{section.5.4}{5.4 Gebietszuweisung}{chapter.5}% 21
\BOOKMARK [0][-]{chapter.6}{6 Beispiele}{}% 22
\BOOKMARK [1][-]{section.6.1}{6.1 Erlaubter Selbstmord}{chapter.6}% 23
\BOOKMARK [1][-]{section.6.2}{6.2 Auswertung}{chapter.6}% 24
\BOOKMARK [0][-]{chapter.7}{7 ToDo's}{}% 25
\BOOKMARK [1][-]{section.7.1}{7.1 Dateiverarbeitung \(go\137datei.rkt\)}{chapter.7}% 26
\BOOKMARK [1][-]{section.7.2}{7.2 Bug in Auswertung}{chapter.7}% 27
